<?xml version="1.0" encoding="UTF-8"?>
<!-- Generated by org.testng.reporters.JUnitReportReporter -->
<testsuite hostname="Dominic-Malile" failures="1" tests="3" name="testRunner.TestNGRunner" time="30.135" errors="0" timestamp="2023-03-06T15:20:11 EAT" skipped="0">
  <testcase classname="testRunner.TestNGRunner" name="runScenario" time="4.775">
    <failure message="expected [true] but found [false]" type="java.lang.AssertionError">
      <![CDATA[java.lang.AssertionError: expected [true] but found [false]
at org.testng.Assert.fail(Assert.java:110)
at org.testng.Assert.failNotEquals(Assert.java:1577)
at org.testng.Assert.assertTrue(Assert.java:56)
at org.testng.Assert.assertTrue(Assert.java:66)
at stepDefinitions.FeatureSteps.page_title_should_be(FeatureSteps.java:48)
at âœ½.Page Title should be "Dashboard / nopCommerce administration"(file:///C:/Users/Administrator/SeleniumTraining/CucumberWithSelenium/./Features/Login.feature:21)
]]>
    </failure>
  </testcase> <!-- runScenario -->
  <system-out/>
  <testcase classname="testRunner.TestNGRunner" name="runScenario" time="14.822"/>
  <system-out/>
  <testcase classname="testRunner.TestNGRunner" name="runScenario" time="10.538"/>
  <system-out/>
</testsuite> <!-- testRunner.TestNGRunner -->
